<?xml version="1.0" encoding="UTF-8"?>
<!-- Generated by org.testng.reporters.JUnitXMLReporter -->
<testsuite ignored="2" hostname="Falcon" failures="0" tests="2" name="Test" time="70.511" errors="0" timestamp="2024-07-26T09:21:28 IST">
  <testcase classname="Automation.TestLabs.HomeLabsPageTest" name="verfiyHomePage" time="29.448"/>
  <testcase classname="Automation.TestLabs.IndexLabspagetest" name="verifyLogin" time="34.165"/>
  <testcase classname="com.labs.base.BaseLabsClass" name="@AfterTest tearDown" time="0.0">
    <ignored/>
  </testcase> <!-- @AfterTest tearDown -->
  <testcase classname="com.labs.base.BaseLabsClass" name="@BeforeTest launchApp" time="0.0">
    <ignored/>
  </testcase> <!-- @BeforeTest launchApp -->
</testsuite> <!-- Test -->
