<?xml version="1.0" encoding="UTF-8"?>
<testng-results ignored="0" total="1" passed="1" failed="0" skipped="0">
  <reporter-output>
  </reporter-output>
  <suite started-at="2024-08-06T19:19:37 IST" name="TestLabs" finished-at="2024-08-06T19:20:40 IST" duration-ms="63007">
    <groups>
    </groups>
    <test started-at="2024-08-06T19:19:37 IST" name="Test" finished-at="2024-08-06T19:20:40 IST" duration-ms="63007">
      <class name="Automation.TestLabs.HomeLabsPageTest">
        <test-method is-config="true" signature="launchApp()[pri:0, instance:Automation.TestLabs.HomeLabsPageTest@b6b1987]" started-at="2024-08-06T19:19:37 IST" name="launchApp" finished-at="2024-08-06T19:19:40 IST" duration-ms="3653" status="PASS">
          <reporter-output>
          </reporter-output>
        </test-method> <!-- launchApp -->
        <test-method signature="verfiyHomePage()[pri:0, instance:Automation.TestLabs.HomeLabsPageTest@b6b1987]" started-at="2024-08-06T19:19:40 IST" name="verfiyHomePage" finished-at="2024-08-06T19:20:39 IST" duration-ms="58825" status="PASS">
          <reporter-output>
          </reporter-output>
        </test-method> <!-- verfiyHomePage -->
        <test-method is-config="true" signature="tearDown()[pri:0, instance:Automation.TestLabs.HomeLabsPageTest@b6b1987]" started-at="2024-08-06T19:20:39 IST" name="tearDown" finished-at="2024-08-06T19:20:40 IST" duration-ms="473" status="PASS">
          <reporter-output>
          </reporter-output>
        </test-method> <!-- tearDown -->
      </class> <!-- Automation.TestLabs.HomeLabsPageTest -->
    </test> <!-- Test -->
  </suite> <!-- TestLabs -->
</testng-results>
