<?xml version="1.0" encoding="UTF-8"?>
<testng-results ignored="0" total="1" passed="1" failed="0" skipped="0">
  <reporter-output>
  </reporter-output>
  <suite started-at="2024-08-02T09:13:39 IST" name="TestLabs" finished-at="2024-08-02T09:14:14 IST" duration-ms="35530">
    <groups>
    </groups>
    <test started-at="2024-08-02T09:13:39 IST" name="Test" finished-at="2024-08-02T09:14:14 IST" duration-ms="35530">
      <class name="Automation.TestLabs.HomeLabsPageTest">
        <test-method is-config="true" signature="launchApp()[pri:0, instance:Automation.TestLabs.HomeLabsPageTest@5524cca1]" started-at="2024-08-02T09:13:39 IST" name="launchApp" finished-at="2024-08-02T09:13:42 IST" duration-ms="3410" status="PASS">
          <reporter-output>
          </reporter-output>
        </test-method> <!-- launchApp -->
        <test-method signature="verfiyHomePage()[pri:0, instance:Automation.TestLabs.HomeLabsPageTest@5524cca1]" started-at="2024-08-02T09:13:42 IST" name="verfiyHomePage" finished-at="2024-08-02T09:14:12 IST" duration-ms="30296" status="PASS">
          <reporter-output>
          </reporter-output>
        </test-method> <!-- verfiyHomePage -->
        <test-method is-config="true" signature="tearDown()[pri:0, instance:Automation.TestLabs.HomeLabsPageTest@5524cca1]" started-at="2024-08-02T09:14:12 IST" name="tearDown" finished-at="2024-08-02T09:14:14 IST" duration-ms="1780" status="PASS">
          <reporter-output>
          </reporter-output>
        </test-method> <!-- tearDown -->
      </class> <!-- Automation.TestLabs.HomeLabsPageTest -->
    </test> <!-- Test -->
  </suite> <!-- TestLabs -->
</testng-results>
