<?xml version="1.0" encoding="UTF-8"?>
<testng-results ignored="0" total="1" passed="1" failed="0" skipped="0">
  <reporter-output>
  </reporter-output>
  <suite started-at="2024-08-02T08:02:45 IST" name="TestLabs" finished-at="2024-08-02T08:03:29 IST" duration-ms="43903">
    <groups>
    </groups>
    <test started-at="2024-08-02T08:02:45 IST" name="Test" finished-at="2024-08-02T08:03:29 IST" duration-ms="43903">
      <class name="Automation.TestLabs.HomeLabsPageTest">
        <test-method is-config="true" signature="launchApp()[pri:0, instance:Automation.TestLabs.HomeLabsPageTest@7bd7d6d6]" started-at="2024-08-02T08:02:45 IST" name="launchApp" finished-at="2024-08-02T08:02:53 IST" duration-ms="7907" status="PASS">
          <reporter-output>
          </reporter-output>
        </test-method> <!-- launchApp -->
        <test-method signature="verfiyHomePage()[pri:0, instance:Automation.TestLabs.HomeLabsPageTest@7bd7d6d6]" started-at="2024-08-02T08:02:53 IST" name="verfiyHomePage" finished-at="2024-08-02T08:03:28 IST" duration-ms="35406" status="PASS">
          <reporter-output>
          </reporter-output>
        </test-method> <!-- verfiyHomePage -->
        <test-method is-config="true" signature="tearDown()[pri:0, instance:Automation.TestLabs.HomeLabsPageTest@7bd7d6d6]" started-at="2024-08-02T08:03:28 IST" name="tearDown" finished-at="2024-08-02T08:03:29 IST" duration-ms="501" status="PASS">
          <reporter-output>
          </reporter-output>
        </test-method> <!-- tearDown -->
      </class> <!-- Automation.TestLabs.HomeLabsPageTest -->
    </test> <!-- Test -->
  </suite> <!-- TestLabs -->
</testng-results>
